<?xml version="1.0" encoding="UTF-8"?>
<testng-results ignored="0" total="2" passed="2" failed="0" skipped="0">
  <reporter-output>
  </reporter-output>
  <suite started-at="2024-10-03T17:05:18 IST" name="Default suite" finished-at="2024-10-03T17:06:15 IST" duration-ms="57200">
    <groups>
    </groups>
    <test started-at="2024-10-03T17:05:18 IST" name="Default test" finished-at="2024-10-03T17:06:15 IST" duration-ms="57200">
      <class name="com.opencart.testlayer.Logintest">
        <test-method is-config="true" signature="start()[pri:0, instance:com.opencart.testlayer.Logintest@5af3afd9]" started-at="2024-10-03T17:05:18 IST" name="start" finished-at="2024-10-03T17:05:19 IST" duration-ms="1273" status="PASS">
          <reporter-output>
          </reporter-output>
        </test-method> <!-- start -->
        <test-method is-config="true" signature="setUp()[pri:0, instance:com.opencart.testlayer.Logintest@5af3afd9]" started-at="2024-10-03T17:05:19 IST" name="setUp" finished-at="2024-10-03T17:05:48 IST" duration-ms="29006" status="PASS">
          <reporter-output>
          </reporter-output>
        </test-method> <!-- setUp -->
        <test-method signature="verifyLogintestWithInValidDetails()[pri:0, instance:com.opencart.testlayer.Logintest@5af3afd9]" started-at="2024-10-03T17:05:48 IST" name="verifyLogintestWithInValidDetails" finished-at="2024-10-03T17:05:53 IST" duration-ms="5011" status="PASS">
          <reporter-output>
          </reporter-output>
        </test-method> <!-- verifyLogintestWithInValidDetails -->
        <test-method is-config="true" signature="tearDown()[pri:0, instance:com.opencart.testlayer.Logintest@5af3afd9]" started-at="2024-10-03T17:05:53 IST" name="tearDown" finished-at="2024-10-03T17:05:56 IST" duration-ms="2960" status="PASS">
          <reporter-output>
          </reporter-output>
        </test-method> <!-- tearDown -->
        <test-method is-config="true" signature="setUp()[pri:0, instance:com.opencart.testlayer.Logintest@5af3afd9]" started-at="2024-10-03T17:05:56 IST" name="setUp" finished-at="2024-10-03T17:06:09 IST" duration-ms="12308" status="PASS">
          <reporter-output>
          </reporter-output>
        </test-method> <!-- setUp -->
        <test-method signature="verifyLogintestWithValidDetails()[pri:0, instance:com.opencart.testlayer.Logintest@5af3afd9]" started-at="2024-10-03T17:06:09 IST" name="verifyLogintestWithValidDetails" finished-at="2024-10-03T17:06:14 IST" duration-ms="5025" status="PASS">
          <reporter-output>
          </reporter-output>
        </test-method> <!-- verifyLogintestWithValidDetails -->
        <test-method is-config="true" signature="tearDown()[pri:0, instance:com.opencart.testlayer.Logintest@5af3afd9]" started-at="2024-10-03T17:06:14 IST" name="tearDown" finished-at="2024-10-03T17:06:15 IST" duration-ms="1299" status="PASS">
          <reporter-output>
          </reporter-output>
        </test-method> <!-- tearDown -->
        <test-method is-config="true" signature="finish()[pri:0, instance:com.opencart.testlayer.Logintest@5af3afd9]" started-at="2024-10-03T17:06:15 IST" name="finish" finished-at="2024-10-03T17:06:15 IST" duration-ms="9" status="PASS">
          <reporter-output>
          </reporter-output>
        </test-method> <!-- finish -->
      </class> <!-- com.opencart.testlayer.Logintest -->
    </test> <!-- Default test -->
  </suite> <!-- Default suite -->
</testng-results>
