<?xml version="1.0" encoding="UTF-8"?>
<!-- Generated by org.testng.reporters.JUnitXMLReporter -->
<testsuite ignored="0" hostname="DESKTOP-47ESPTV" failures="0" tests="2" name="Default test" time="57.2" errors="0" timestamp="2024-10-03T17:06:15 IST">
  <testcase classname="com.opencart.testlayer.Logintest" name="verifyLogintestWithInValidDetails" time="5.011"/>
  <testcase classname="com.opencart.testlayer.Logintest" name="verifyLogintestWithValidDetails" time="5.025"/>
</testsuite> <!-- Default test -->
